Arguments: 
  /home/gitpod/.nvm/versions/node/v10.18.0/bin/node /home/gitpod/.nvm/versions/node/v10.18.0/bin/yarn add react-route-dom

PATH: 
  /home/gitpod/.cargo/bin:/home/gitpod/.pyenv/plugins/pyenv-virtualenv/shims:/home/gitpod/.pyenv/shims:/workspace/.cargo/bin:/workspace/.pip-modules/bin:/workspace/.rvm/bin:/home/gitpod/.cargo/bin:/home/gitpod/.sdkman/candidates/maven/current/bin:/home/gitpod/.sdkman/candidates/java/current/bin:/home/gitpod/.sdkman/candidates/gradle/current/bin:/home/gitpod/.cargo/bin:/home/gitpod/.rvm/gems/ruby-2.6.3/bin:/home/gitpod/.rvm/gems/ruby-2.6.3@global/bin:/home/gitpod/.rvm/rubies/ruby-2.6.3/bin:/home/gitpod/.pyenv/plugins/pyenv-virtualenv/shims:/home/gitpod/.pyenv/shims:/workspace/.cargo/bin:/workspace/.pip-modules/bin:/workspace/.rvm/bin:/home/gitpod/.pyenv/bin:/home/gitpod/.pyenv/shims:/home/gitpod/.nvm/versions/node/v10.18.0/bin:/workspace/go/bin:/home/gitpod/go/bin:/home/gitpod/go-packages/bin:/usr/local/sbin:/usr/local/bin:/usr/sbin:/usr/bin:/sbin:/bin:/home/linuxbrew/.linuxbrew/bin:/home/linuxbrew/.linuxbrew/sbin/:/home/gitpod/.rvm/bin:/home/gitpod/.rvm/bin:/home/gitpod/.rvm/bin

Yarn version: 
  1.21.1

Node version: 
  10.18.0

Platform: 
  linux x64

Trace: 
  Error: https://registry.yarnpkg.com/react-route-dom: Not found
      at Request.params.callback [as _callback] (/home/gitpod/.nvm/versions/node/v10.18.0/lib/node_modules/yarn/lib/cli.js:66947:18)
      at Request.self.callback (/home/gitpod/.nvm/versions/node/v10.18.0/lib/node_modules/yarn/lib/cli.js:140665:22)
      at Request.emit (events.js:198:13)
      at Request.<anonymous> (/home/gitpod/.nvm/versions/node/v10.18.0/lib/node_modules/yarn/lib/cli.js:141637:10)
      at Request.emit (events.js:198:13)
      at IncomingMessage.<anonymous> (/home/gitpod/.nvm/versions/node/v10.18.0/lib/node_modules/yarn/lib/cli.js:141559:12)
      at Object.onceWrapper (events.js:286:20)
      at IncomingMessage.emit (events.js:203:15)
      at endReadableNT (_stream_readable.js:1143:12)
      at process._tickCallback (internal/process/next_tick.js:63:19)

npm manifest: 
  No manifest

yarn manifest: 
  No manifest

Lockfile: 
  No lockfile
